krings@Sebastian-Macbook-Uni crowded-chessboard (master) $ make prob-bench-elegant
echo “Solving n=4 with 5 bishops and 3 Knights using ProB’s default solver”
Solving n=4 with 5 bishops and 3 Knights using ProB’s default solver
time probcli B/Crowded_Elegant4.mch -init -silent
% Runtime for SOLUTION for SETUP_CONSTANTS: 290 ms (walltime: 290 ms)

       2.38 real         2.69 user         0.17 sys
echo “Solving n=5 with 8 bishops and 5 Knights using ProB’s default solver”
Solving n=5 with 8 bishops and 5 Knights using ProB’s default solver
time probcli B/Crowded_Elegant5.mch -init -silent
% Runtime for SOLUTION for SETUP_CONSTANTS: 530 ms (walltime: 540 ms)

       2.59 real         2.97 user         0.16 sys
echo “Solving n=6 with 10 bishops and 7 Knights using ProB’s default solver”
Solving n=6 with 10 bishops and 7 Knights using ProB’s default solver
time probcli B/Crowded_Elegant6.mch -init -silent
^C% time_out_for_node(root,unspecified_operation,user_interrupt_signal)
! *** error occurred ***
! setup_constants_fails
! ### Processing file failed: 
! /Users/krings/repositories/articles/crowded-chessboard/B/Crowded_Elegant6.mch

! Total Errors: 1, Warnings:0
      385.41 real       384.61 user         1.34 sys

% mit GLUCOSE:

reguläre benchmarks:

[4:35] 
krings@Sebastian-Macbook-Uni crowded-chessboard (master) $ make prob-bench
echo “Solving n=6 with 9 Knights using ProB+Kodkod and Glucose”
Solving n=6 with 9 Knights using ProB+Kodkod and Glucose
time probcli B/SAT_Kodkod_Generator6.mch -init -silent
Kodkod module started up successfully (SAT solver Glucose).
Times for computing solutions: [94]
% Runtime for SOLUTION for SETUP_CONSTANTS: 1160 ms (walltime: 2010 ms)

       3.65 real         5.03 user         0.29 sys
echo “Solving n=7 with 11 Knights using ProB+Kodkod and Glucose”
Solving n=7 with 11 Knights using ProB+Kodkod and Glucose
time probcli B/SAT_Kodkod_Generator7.mch -init -silent 
Kodkod module started up successfully (SAT solver Glucose).
Times for computing solutions: [469]
% Runtime for SOLUTION for SETUP_CONSTANTS: 2190 ms (walltime: 3630 ms)

       5.22 real         7.16 user         0.33 sys
echo “Solving n=8 with 21 Knights using ProB+Kodkod and Glucose”
Solving n=8 with 21 Knights using ProB+Kodkod and Glucose
time probcli B/SAT_Kodkod_Generator.mch -init -silent
Kodkod module started up successfully (SAT solver Glucose).
Times for computing solutions: [2871]
% Runtime for SOLUTION for SETUP_CONSTANTS: 4500 ms (walltime: 8590 ms)

      10.24 real        12.82 user         0.43 sys
echo “Solving n=8 with 22 Knights using ProB+Kodkod and Glucose (UNSAT)”
Solving n=8 with 22 Knights using ProB+Kodkod and Glucose (UNSAT)
time probcli B/SAT_Kodkod_Generator8Unsat.mch -init -silent -expcterr setup_constants_fails
Kodkod module started up successfully (SAT solver Glucose).
Times for computing solutions: []
% Runtime to FINALISE SETUP_CONSTANTS: 4390 ms (walltime: 35700 ms)
Solutions found for the following constants:
dist/CLOSURE [i,j,_lambda_result_]
n/int(8)
! A warning occurred !
! source(no_det_value_stored_for_constant)
! No deterministic value stored for constant (set ALLOW_INCOMPLETE_SETUP_CONSTANTS to TRUE to force storing all constants): same_row_or_col
!  ERROR CONTEXT: OPERATION:$partial_setup_constants, State ID:root, State: root
same_row_or_col/[]
! A warning occurred !
! source(no_det_value_stored_for_constant)
! No deterministic value stored for constant (set ALLOW_INCOMPLETE_SETUP_CONSTANTS to TRUE to force storing all constants): same_diagonal
!  ERROR CONTEXT: OPERATION:$partial_setup_constants, State ID:root, State: root
same_diagonal/[]
! A warning occurred !
! source(no_det_value_stored_for_constant)
! No deterministic value stored for constant (set ALLOW_INCOMPLETE_SETUP_CONSTANTS to TRUE to force storing all constants): knight_move
!  ERROR CONTEXT: OPERATION:$partial_setup_constants, State ID:root, State: root
knight_move/[]
attack/AVL.size=5
no_sol_for(board)
! ### Processing file failed: 
! /Users/krings/repositories/articles/crowded-chessboard/B/SAT_Kodkod_Generator8Unsat.mch

! *** warning occurred ***
! no_det_value_stored_for_constant
! *** Occurences of this warning: 
! 3
All expected errors occurred.
! Total Errors: 0, Warnings:1
       37.30 real        39.58 user         0.62 sys
echo “Solving n=9 with 29 Knights using ProB+Kodkod and Glucose”
Solving n=9 with 29 Knights using ProB+Kodkod and Glucose
time probcli B/SAT_Kodkod_Generator9.mch -init -silent
Kodkod module started up successfully (SAT solver Glucose).
Times for computing solutions: [65392]
% Runtime for SOLUTION for SETUP_CONSTANTS: 7900 ms (walltime: 74760 ms)

      76.46 real        78.70 user         0.87 sys
      
      
% - ------------------------ MIT SAT4J:
      
krings@Sebastian-Macbook-Uni crowded-chessboard (master) $ make prob-bench
echo “Solving n=6 with 9 Knights using ProB+Kodkod and Glucose”
Solving n=6 with 9 Knights using ProB+Kodkod and Glucose
time probcli B/SAT_Kodkod_Generator6.mch -init -silent
Kodkod module started up successfully (SAT solver SAT4J with timeout of 1500 ms).
Times for computing solutions: [265]
% Runtime for SOLUTION for SETUP_CONSTANTS: 1240 ms (walltime: 2450 ms)

        4.35 real         6.15 user         0.36 sys
echo “Solving n=7 with 11 Knights using ProB+Kodkod and Glucose”
Solving n=7 with 11 Knights using ProB+Kodkod and Glucose
time probcli B/SAT_Kodkod_Generator7.mch -init -silent 
Kodkod module started up successfully (SAT solver SAT4J with timeout of 1500 ms).
Times for computing solutions: [995]
% Runtime for SOLUTION for SETUP_CONSTANTS: 2290 ms (walltime: 4400 ms)

        6.18 real         9.91 user         0.40 sys
echo “Solving n=8 with 21 Knights using ProB+Kodkod and Glucose”
Solving n=8 with 21 Knights using ProB+Kodkod and Glucose
time probcli B/SAT_Kodkod_Generator.mch -init -silent
Kodkod module started up successfully (SAT solver SAT4J with timeout of 1500 ms).
Times for computing solutions: [17927]
% Runtime for SOLUTION for SETUP_CONSTANTS: 4510 ms (walltime: 23870 ms)

       25.64 real        32.83 user         0.63 sys
echo “Solving n=8 with 22 Knights using ProB+Kodkod and Glucose (UNSAT)”
Solving n=8 with 22 Knights using ProB+Kodkod and Glucose (UNSAT)
time probcli B/SAT_Kodkod_Generator8Unsat.mch -init -silent -expcterr setup_constants_fails
Kodkod module started up successfully (SAT solver SAT4J with timeout of 1500 ms).
^C% time_out_for_node(root,unspecified_operation,user_interrupt_signal)
! ### Processing file failed: 
! /Users/krings/repositories/articles/crowded-chessboard/B/SAT_Kodkod_Generator8Unsat.mch

All expected errors occurred.
       95.05 real       106.06 user         1.10 sys

krings@Sebastian-Macbook-Uni crowded-chessboard (master) $ make prob-bench
echo “Solving n=6 with 9 Knights using ProB+Kodkod and Glucose”
Solving n=6 with 9 Knights using ProB+Kodkod and Glucose
time probcli B/SAT_Kodkod_Generator6.mch -init -silent
Kodkod module started up successfully (SAT solver SAT4J with timeout of 1500 ms).
Times for computing solutions: [285]
% Runtime for SOLUTION for SETUP_CONSTANTS: 1240 ms (walltime: 2340 ms)

        4.08 real         6.33 user         0.32 sys
echo “Solving n=7 with 11 Knights using ProB+Kodkod and Glucose”
Solving n=7 with 11 Knights using ProB+Kodkod and Glucose
time probcli B/SAT_Kodkod_Generator7.mch -init -silent 
Kodkod module started up successfully (SAT solver SAT4J with timeout of 1500 ms).
Times for computing solutions: [940]
% Runtime for SOLUTION for SETUP_CONSTANTS: 2320 ms (walltime: 4270 ms)

        5.97 real         9.45 user         0.37 sys
echo “Solving n=8 with 21 Knights using ProB+Kodkod and Glucose”
Solving n=8 with 21 Knights using ProB+Kodkod and Glucose
time probcli B/SAT_Kodkod_Generator.mch -init -silent
Kodkod module started up successfully (SAT solver SAT4J with timeout of 1500 ms).
Times for computing solutions: [15806]
% Runtime for SOLUTION for SETUP_CONSTANTS: 4440 ms (walltime: 21480 ms)

       23.15 real        30.67 user         0.52 sys
echo “Solving n=8 with 22 Knights using ProB+Kodkod and Glucose (UNSAT)”
Solving n=8 with 22 Knights using ProB+Kodkod and Glucose (UNSAT)
time probcli B/SAT_Kodkod_Generator8Unsat.mch -init -silent -expcterr setup_constants_fails
Kodkod module started up successfully (SAT solver SAT4J with timeout of 1500 ms).
Times for computing solutions: []
% Runtime to FINALISE SETUP_CONSTANTS: 4230 ms (walltime: 91980 ms)
Solutions found for the following constants:
dist/CLOSURE [i,j,_lambda_result_]
n/int(8)
! A warning occurred !
! source(no_det_value_stored_for_constant)
! No deterministic value stored for constant (set ALLOW_INCOMPLETE_SETUP_CONSTANTS to TRUE to force storing all constants): same_row_or_col
!  ERROR CONTEXT: OPERATION:$partial_setup_constants, State ID:root, State: root
same_row_or_col/[]
! A warning occurred !
! source(no_det_value_stored_for_constant)
! No deterministic value stored for constant (set ALLOW_INCOMPLETE_SETUP_CONSTANTS to TRUE to force storing all constants): same_diagonal
!  ERROR CONTEXT: OPERATION:$partial_setup_constants, State ID:root, State: root
same_diagonal/[]
! A warning occurred !
! source(no_det_value_stored_for_constant)
! No deterministic value stored for constant (set ALLOW_INCOMPLETE_SETUP_CONSTANTS to TRUE to force storing all constants): knight_move
!  ERROR CONTEXT: OPERATION:$partial_setup_constants, State ID:root, State: root
knight_move/[]
attack/AVL.size=5
no_sol_for(board)
! ### Processing file failed: 
! /Users/krings/repositories/articles/crowded-chessboard/B/SAT_Kodkod_Generator8Unsat.mch

! *** warning occurred ***
! no_det_value_stored_for_constant
! *** Occurences of this warning: 
! 3
All expected errors occurred.
! Total Errors: 0, Warnings:1
       93.51 real       106.16 user         0.78 sys
echo “Solving n=9 with 29 Knights using ProB+Kodkod and Glucose”
Solving n=9 with 29 Knights using ProB+Kodkod and Glucose
time probcli B/SAT_Kodkod_Generator9.mch -init -silent
Kodkod module started up successfully (SAT solver SAT4J with timeout of 1500 ms).
Times for computing solutions: [153331]
% Runtime for SOLUTION for SETUP_CONSTANTS: 7790 ms (walltime: 162680 ms)

      165.09 real       183.77 user         1.20 sys